<?xml version="1.0" encoding="UTF-8"?><testsuite errors="1" failures="0" name="Inventory" skipped="0" tests="1" time="10.54" timestamp="2023-06-02 08:30:38"><testcase name="User arrange item"><error message="element click intercepted: Element &lt;div height=&quot;35&quot; value=&quot;false&quot; class=&quot;rdg-row-actions-cell react-grid-Cell react-grid-Cell--frozen&quot; style=&quot;position: absolute; width: 60px; height: 35px; left: 0px; transform: translate3d(0px, 0px, 0px);&quot;&gt;...&lt;/div&gt; is not clickable at point (295, 519). Other element would receive the click: &lt;input class=&quot;react-grid-checkbox&quot; type=&quot;checkbox&quot; name=&quot;select-all-checkbox&quot; id=&quot;select-all-checkbox&quot;&gt;&#10;  (Session info: chrome=114.0.5735.91)&#10;Build info: version: '3.141.59', revision: 'e82be7d358', time: '2018-11-14T08:17:03'&#10;System info: host: 'NAIXXY', ip: '192.168.2.17', os.name: 'Windows 11', os.arch: 'amd64', os.version: '10.0', java.version: '11.0.16'&#10;Driver info: org.openqa.selenium.chrome.ChromeDriver&#10;Capabilities {acceptInsecureCerts: false, browserName: chrome, browserVersion: 114.0.5735.91, chrome: {chromedriverVersion: 113.0.5672.63 (0e1a4471d5ae..., userDataDir: C:\Users\user\AppData\Local...}, goog:chromeOptions: {debuggerAddress: localhost:59780}, javascriptEnabled: true, networkConnectionEnabled: false, pageLoadStrategy: normal, platform: WINDOWS, platformName: WINDOWS, proxy: Proxy(), setWindowRect: true, strictFileInteractability: false, timeouts: {implicit: 0, pageLoad: 300000, script: 30000}, unhandledPromptBehavior: dismiss and notify, webauthn:extension:credBlob: true, webauthn:extension:largeBlob: true, webauthn:extension:minPinLength: true, webauthn:extension:prf: true, webauthn:virtualAuthenticators: true}&#10;Session ID: e985e98484544a64cf00efe6d1d847a3&#10;Build info: version: '3.141.59', revision: 'e82be7d358', time: '2018-11-14T08:17:03'&#10;System info: host: 'NAIXXY', ip: '192.168.2.17', os.name: 'Windows 11', os.arch: 'amd64', os.version: '10.0', java.version: '11.0.16'&#10;Driver info: driver.version: unknown" type="org.openqa.selenium.ElementClickInterceptedException">element click intercepted: Element &lt;div height="35" value="false" class="rdg-row-actions-cell react-grid-Cell react-grid-Cell--frozen" style="position: absolute; width: 60px; height: 35px; left: 0px; transform: translate3d(0px, 0px, 0px);"&gt;...&lt;/div&gt; is not clickable at point (295, 519). Other element would receive the click: &lt;input class="react-grid-checkbox" type="checkbox" name="select-all-checkbox" id="select-all-checkbox"&gt;
  (Session info: chrome=114.0.5735.91)
Build info: version: '3.141.59', revision: 'e82be7d358', time: '2018-11-14T08:17:03'
System info: host: 'NAIXXY', ip: '192.168.2.17', os.name: 'Windows 11', os.arch: 'amd64', os.version: '10.0', java.version: '11.0.16'
Driver info: org.openqa.selenium.chrome.ChromeDriver
Capabilities {acceptInsecureCerts: false, browserName: chrome, browserVersion: 114.0.5735.91, chrome: {chromedriverVersion: 113.0.5672.63 (0e1a4471d5ae..., userDataDir: C:\Users\user\AppData\Local...}, goog:chromeOptions: {debuggerAddress: localhost:59780}, javascriptEnabled: true, networkConnectionEnabled: false, pageLoadStrategy: normal, platform: WINDOWS, platformName: WINDOWS, proxy: Proxy(), setWindowRect: true, strictFileInteractability: false, timeouts: {implicit: 0, pageLoad: 300000, script: 30000}, unhandledPromptBehavior: dismiss and notify, webauthn:extension:credBlob: true, webauthn:extension:largeBlob: true, webauthn:extension:minPinLength: true, webauthn:extension:prf: true, webauthn:virtualAuthenticators: true}
Session ID: e985e98484544a64cf00efe6d1d847a3
Build info: version: '3.141.59', revision: 'e82be7d358', time: '2018-11-14T08:17:03'
System info: host: 'NAIXXY', ip: '192.168.2.17', os.name: 'Windows 11', os.arch: 'amd64', os.version: '10.0', java.version: '11.0.16'
Driver info: driver.version: unknown</error><system-err>element click intercepted: Element &lt;div height="35" value="false" class="rdg-row-actions-cell react-grid-Cell react-grid-Cell--frozen" style="position: absolute; width: 60px; height: 35px; left: 0px; transform: translate3d(0px, 0px, 0px);"&gt;...&lt;/div&gt; is not clickable at point (295, 519). Other element would receive the click: &lt;input class="react-grid-checkbox" type="checkbox" name="select-all-checkbox" id="select-all-checkbox"&gt;
  (Session info: chrome=114.0.5735.91)
Build info: version: '3.141.59', revision: 'e82be7d358', time: '2018-11-14T08:17:03'
System info: host: 'NAIXXY', ip: '192.168.2.17', os.name: 'Windows 11', os.arch: 'amd64', os.version: '10.0', java.version: '11.0.16'
Driver info: org.openqa.selenium.chrome.ChromeDriver
Capabilities {acceptInsecureCerts: false, browserName: chrome, browserVersion: 114.0.5735.91, chrome: {chromedriverVersion: 113.0.5672.63 (0e1a4471d5ae..., userDataDir: C:\Users\user\AppData\Local...}, goog:chromeOptions: {debuggerAddress: localhost:59780}, javascriptEnabled: true, networkConnectionEnabled: false, pageLoadStrategy: normal, platform: WINDOWS, platformName: WINDOWS, proxy: Proxy(), setWindowRect: true, strictFileInteractability: false, timeouts: {implicit: 0, pageLoad: 300000, script: 30000}, unhandledPromptBehavior: dismiss and notify, webauthn:extension:credBlob: true, webauthn:extension:largeBlob: true, webauthn:extension:minPinLength: true, webauthn:extension:prf: true, webauthn:virtualAuthenticators: true}
Session ID: e985e98484544a64cf00efe6d1d847a3
Build info: version: '3.141.59', revision: 'e82be7d358', time: '2018-11-14T08:17:03'
System info: host: 'NAIXXY', ip: '192.168.2.17', os.name: 'Windows 11', os.arch: 'amd64', os.version: '10.0', java.version: '11.0.16'
Driver info: driver.version: unknown&#13;
jubelioWeb@1.0-SNAPSHOT/starter.pages.InventoryPage.ClickBoxItem(InventoryPage.java:41)&#13;
jubelioWeb@1.0-SNAPSHOT/starter.stepdefinitions.InventoryStep.iClickBoxItem(InventoryStep.java:39)&#13;
✽.I click box item(file:///C:/Users/user/IdeaProjects/jubelioWebTest/src/test/resources/features/barang/Inventory.feature:11)&#13;
</system-err></testcase></testsuite>